{"/mnt/c/Users/linaa/Downloads/uml/uml/src/app.js": {"path":"/mnt/c/Users/linaa/Downloads/uml/uml/src/app.js","statementMap":{"0":{"start":{"line":1,"column":0},"end":{"line":1,"column":27}},"1":{"start":{"line":2,"column":16},"end":{"line":2,"column":34}},"2":{"start":{"line":3,"column":16},"end":{"line":3,"column":31}},"3":{"start":{"line":4,"column":20},"end":{"line":4,"column":49}},"4":{"start":{"line":5,"column":20},"end":{"line":5,"column":47}},"5":{"start":{"line":7,"column":26},"end":{"line":7,"column":50}},"6":{"start":{"line":8,"column":26},"end":{"line":8,"column":53}},"7":{"start":{"line":9,"column":25},"end":{"line":9,"column":55}},"8":{"start":{"line":10,"column":26},"end":{"line":10,"column":51}},"9":{"start":{"line":11,"column":26},"end":{"line":11,"column":54}},"10":{"start":{"line":12,"column":26},"end":{"line":12,"column":57}},"11":{"start":{"line":13,"column":26},"end":{"line":13,"column":51}},"12":{"start":{"line":15,"column":12},"end":{"line":15,"column":21}},"13":{"start":{"line":17,"column":0},"end":{"line":17,"column":79}},"14":{"start":{"line":18,"column":0},"end":{"line":18,"column":24}},"15":{"start":{"line":19,"column":0},"end":{"line":19,"column":47}},"16":{"start":{"line":22,"column":0},"end":{"line":22,"column":68}},"17":{"start":{"line":25,"column":0},"end":{"line":25,"column":40}},"18":{"start":{"line":26,"column":0},"end":{"line":26,"column":43}},"19":{"start":{"line":27,"column":0},"end":{"line":27,"column":46}},"20":{"start":{"line":28,"column":0},"end":{"line":28,"column":41}},"21":{"start":{"line":29,"column":0},"end":{"line":29,"column":44}},"22":{"start":{"line":30,"column":0},"end":{"line":30,"column":47}},"23":{"start":{"line":31,"column":0},"end":{"line":31,"column":41}},"24":{"start":{"line":34,"column":0},"end":{"line":34,"column":59}},"25":{"start":{"line":34,"column":31},"end":{"line":34,"column":57}},"26":{"start":{"line":37,"column":0},"end":{"line":40,"column":3}},"27":{"start":{"line":38,"column":2},"end":{"line":38,"column":27}},"28":{"start":{"line":39,"column":2},"end":{"line":39,"column":81}},"29":{"start":{"line":42,"column":0},"end":{"line":45,"column":1}},"30":{"start":{"line":43,"column":15},"end":{"line":43,"column":39}},"31":{"start":{"line":44,"column":2},"end":{"line":44,"column":83}},"32":{"start":{"line":44,"column":25},"end":{"line":44,"column":81}},"33":{"start":{"line":47,"column":0},"end":{"line":47,"column":21}}},"fnMap":{"0":{"name":"(anonymous_0)","decl":{"start":{"line":34,"column":19},"end":{"line":34,"column":20}},"loc":{"start":{"line":34,"column":31},"end":{"line":34,"column":57}},"line":34},"1":{"name":"(anonymous_1)","decl":{"start":{"line":37,"column":8},"end":{"line":37,"column":9}},"loc":{"start":{"line":37,"column":33},"end":{"line":40,"column":1}},"line":37},"2":{"name":"(anonymous_2)","decl":{"start":{"line":44,"column":19},"end":{"line":44,"column":20}},"loc":{"start":{"line":44,"column":25},"end":{"line":44,"column":81}},"line":44}},"branchMap":{"0":{"loc":{"start":{"line":17,"column":23},"end":{"line":17,"column":74}},"type":"binary-expr","locations":[{"start":{"line":17,"column":23},"end":{"line":17,"column":47}},{"start":{"line":17,"column":51},"end":{"line":17,"column":74}}],"line":17},"1":{"loc":{"start":{"line":39,"column":13},"end":{"line":39,"column":30}},"type":"binary-expr","locations":[{"start":{"line":39,"column":13},"end":{"line":39,"column":23}},{"start":{"line":39,"column":27},"end":{"line":39,"column":30}}],"line":39},"2":{"loc":{"start":{"line":39,"column":46},"end":{"line":39,"column":77}},"type":"binary-expr","locations":[{"start":{"line":39,"column":46},"end":{"line":39,"column":57}},{"start":{"line":39,"column":61},"end":{"line":39,"column":77}}],"line":39},"3":{"loc":{"start":{"line":42,"column":0},"end":{"line":45,"column":1}},"type":"if","locations":[{"start":{"line":42,"column":0},"end":{"line":45,"column":1}},{"start":{},"end":{}}],"line":42},"4":{"loc":{"start":{"line":43,"column":15},"end":{"line":43,"column":39}},"type":"binary-expr","locations":[{"start":{"line":43,"column":15},"end":{"line":43,"column":31}},{"start":{"line":43,"column":35},"end":{"line":43,"column":39}}],"line":43}},"s":{"0":1,"1":1,"2":1,"3":1,"4":1,"5":1,"6":1,"7":1,"8":1,"9":1,"10":1,"11":1,"12":1,"13":1,"14":1,"15":1,"16":1,"17":1,"18":1,"19":1,"20":1,"21":1,"22":1,"23":1,"24":1,"25":1,"26":1,"27":0,"28":0,"29":1,"30":0,"31":0,"32":0,"33":1},"f":{"0":1,"1":0,"2":0},"b":{"0":[1,0],"1":[0,0],"2":[0,0],"3":[0,1],"4":[0,0]},"_coverageSchema":"1a1c01bbd47fc00a2c39e90264f33305004495a9","hash":"9a926de3032d085dc3a2e06db35e9170aed0a036"}
,"/mnt/c/Users/linaa/Downloads/uml/uml/src/config/swagger.js": {"path":"/mnt/c/Users/linaa/Downloads/uml/uml/src/config/swagger.js","statementMap":{"0":{"start":{"line":1,"column":21},"end":{"line":1,"column":45}},"1":{"start":{"line":3,"column":16},"end":{"line":24,"column":1}},"2":{"start":{"line":26,"column":0},"end":{"line":26,"column":39}}},"fnMap":{},"branchMap":{"0":{"loc":{"start":{"line":11,"column":41},"end":{"line":11,"column":65}},"type":"binary-expr","locations":[{"start":{"line":11,"column":41},"end":{"line":11,"column":57}},{"start":{"line":11,"column":61},"end":{"line":11,"column":65}}],"line":11}},"s":{"0":1,"1":1,"2":1},"f":{},"b":{"0":[1,0]},"_coverageSchema":"1a1c01bbd47fc00a2c39e90264f33305004495a9","hash":"d01dc38f7bb64f98cc9aff3e29662cb89f2e9949"}
,"/mnt/c/Users/linaa/Downloads/uml/uml/src/middlewares/auth.js": {"path":"/mnt/c/Users/linaa/Downloads/uml/uml/src/middlewares/auth.js","statementMap":{"0":{"start":{"line":1,"column":12},"end":{"line":1,"column":35}},"1":{"start":{"line":3,"column":19},"end":{"line":3,"column":72}},"2":{"start":{"line":6,"column":17},"end":{"line":6,"column":42}},"3":{"start":{"line":7,"column":2},"end":{"line":9,"column":3}},"4":{"start":{"line":8,"column":4},"end":{"line":8,"column":61}},"5":{"start":{"line":11,"column":16},"end":{"line":11,"column":36}},"6":{"start":{"line":12,"column":2},"end":{"line":17,"column":3}},"7":{"start":{"line":13,"column":4},"end":{"line":13,"column":45}},"8":{"start":{"line":14,"column":4},"end":{"line":14,"column":11}},"9":{"start":{"line":16,"column":4},"end":{"line":16,"column":71}},"10":{"start":{"line":21,"column":2},"end":{"line":26,"column":4}},"11":{"start":{"line":22,"column":4},"end":{"line":24,"column":5}},"12":{"start":{"line":23,"column":6},"end":{"line":23,"column":61}},"13":{"start":{"line":25,"column":4},"end":{"line":25,"column":11}},"14":{"start":{"line":29,"column":0},"end":{"line":29,"column":49}}},"fnMap":{"0":{"name":"authMiddleware","decl":{"start":{"line":5,"column":9},"end":{"line":5,"column":23}},"loc":{"start":{"line":5,"column":40},"end":{"line":18,"column":1}},"line":5},"1":{"name":"requireRole","decl":{"start":{"line":20,"column":9},"end":{"line":20,"column":20}},"loc":{"start":{"line":20,"column":31},"end":{"line":27,"column":1}},"line":20},"2":{"name":"(anonymous_2)","decl":{"start":{"line":21,"column":9},"end":{"line":21,"column":10}},"loc":{"start":{"line":21,"column":29},"end":{"line":26,"column":3}},"line":21}},"branchMap":{"0":{"loc":{"start":{"line":3,"column":19},"end":{"line":3,"column":72}},"type":"binary-expr","locations":[{"start":{"line":3,"column":19},"end":{"line":3,"column":41}},{"start":{"line":3,"column":45},"end":{"line":3,"column":72}}],"line":3},"1":{"loc":{"start":{"line":7,"column":2},"end":{"line":9,"column":3}},"type":"if","locations":[{"start":{"line":7,"column":2},"end":{"line":9,"column":3}},{"start":{},"end":{}}],"line":7},"2":{"loc":{"start":{"line":7,"column":6},"end":{"line":7,"column":46}},"type":"binary-expr","locations":[{"start":{"line":7,"column":6},"end":{"line":7,"column":13}},{"start":{"line":7,"column":17},"end":{"line":7,"column":46}}],"line":7},"3":{"loc":{"start":{"line":22,"column":4},"end":{"line":24,"column":5}},"type":"if","locations":[{"start":{"line":22,"column":4},"end":{"line":24,"column":5}},{"start":{},"end":{}}],"line":22}},"s":{"0":1,"1":1,"2":0,"3":0,"4":0,"5":0,"6":0,"7":0,"8":0,"9":0,"10":8,"11":0,"12":0,"13":0,"14":1},"f":{"0":0,"1":8,"2":0},"b":{"0":[1,0],"1":[0,0],"2":[0,0],"3":[0,0]},"_coverageSchema":"1a1c01bbd47fc00a2c39e90264f33305004495a9","hash":"51420a3c1a85f1d875b4b325d7d657bbd64b30b3"}
,"/mnt/c/Users/linaa/Downloads/uml/uml/src/routes/auth.js": {"path":"/mnt/c/Users/linaa/Downloads/uml/uml/src/routes/auth.js","statementMap":{"0":{"start":{"line":35,"column":16},"end":{"line":35,"column":34}},"1":{"start":{"line":36,"column":16},"end":{"line":36,"column":33}},"2":{"start":{"line":37,"column":16},"end":{"line":37,"column":39}},"3":{"start":{"line":38,"column":16},"end":{"line":38,"column":39}},"4":{"start":{"line":40,"column":15},"end":{"line":40,"column":31}},"5":{"start":{"line":41,"column":19},"end":{"line":41,"column":72}},"6":{"start":{"line":76,"column":0},"end":{"line":87,"column":3}},"7":{"start":{"line":77,"column":2},"end":{"line":86,"column":30}},"8":{"start":{"line":78,"column":43},"end":{"line":78,"column":51}},"9":{"start":{"line":79,"column":4},"end":{"line":79,"column":103}},"10":{"start":{"line":79,"column":37},"end":{"line":79,"column":103}},"11":{"start":{"line":80,"column":17},"end":{"line":80,"column":48}},"12":{"start":{"line":81,"column":21},"end":{"line":84,"column":5}},"13":{"start":{"line":85,"column":4},"end":{"line":85,"column":34}},"14":{"start":{"line":86,"column":18},"end":{"line":86,"column":28}},"15":{"start":{"line":115,"column":0},"end":{"line":125,"column":3}},"16":{"start":{"line":116,"column":2},"end":{"line":124,"column":30}},"17":{"start":{"line":117,"column":32},"end":{"line":117,"column":40}},"18":{"start":{"line":118,"column":21},"end":{"line":118,"column":92}},"19":{"start":{"line":119,"column":17},"end":{"line":119,"column":24}},"20":{"start":{"line":120,"column":4},"end":{"line":121,"column":71}},"21":{"start":{"line":121,"column":6},"end":{"line":121,"column":71}},"22":{"start":{"line":122,"column":18},"end":{"line":122,"column":93}},"23":{"start":{"line":123,"column":4},"end":{"line":123,"column":98}},"24":{"start":{"line":124,"column":18},"end":{"line":124,"column":28}},"25":{"start":{"line":127,"column":0},"end":{"line":127,"column":24}}},"fnMap":{"0":{"name":"(anonymous_0)","decl":{"start":{"line":76,"column":25},"end":{"line":76,"column":26}},"loc":{"start":{"line":76,"column":51},"end":{"line":87,"column":1}},"line":76},"1":{"name":"(anonymous_1)","decl":{"start":{"line":115,"column":22},"end":{"line":115,"column":23}},"loc":{"start":{"line":115,"column":48},"end":{"line":125,"column":1}},"line":115}},"branchMap":{"0":{"loc":{"start":{"line":41,"column":19},"end":{"line":41,"column":72}},"type":"binary-expr","locations":[{"start":{"line":41,"column":19},"end":{"line":41,"column":41}},{"start":{"line":41,"column":45},"end":{"line":41,"column":72}}],"line":41},"1":{"loc":{"start":{"line":79,"column":4},"end":{"line":79,"column":103}},"type":"if","locations":[{"start":{"line":79,"column":4},"end":{"line":79,"column":103}},{"start":{},"end":{}}],"line":79},"2":{"loc":{"start":{"line":79,"column":8},"end":{"line":79,"column":35}},"type":"binary-expr","locations":[{"start":{"line":79,"column":8},"end":{"line":79,"column":12}},{"start":{"line":79,"column":16},"end":{"line":79,"column":22}},{"start":{"line":79,"column":26},"end":{"line":79,"column":35}}],"line":79},"3":{"loc":{"start":{"line":83,"column":25},"end":{"line":83,"column":42}},"type":"binary-expr","locations":[{"start":{"line":83,"column":25},"end":{"line":83,"column":29}},{"start":{"line":83,"column":33},"end":{"line":83,"column":42}}],"line":83},"4":{"loc":{"start":{"line":120,"column":4},"end":{"line":121,"column":71}},"type":"if","locations":[{"start":{"line":120,"column":4},"end":{"line":121,"column":71}},{"start":{},"end":{}}],"line":120},"5":{"loc":{"start":{"line":120,"column":8},"end":{"line":120,"column":65}},"type":"binary-expr","locations":[{"start":{"line":120,"column":8},"end":{"line":120,"column":13}},{"start":{"line":120,"column":17},"end":{"line":120,"column":65}}],"line":120}},"s":{"0":1,"1":1,"2":1,"3":1,"4":1,"5":1,"6":1,"7":1,"8":1,"9":1,"10":1,"11":0,"12":0,"13":0,"14":0,"15":1,"16":1,"17":1,"18":1,"19":1,"20":1,"21":1,"22":0,"23":0,"24":0,"25":1},"f":{"0":1,"1":1},"b":{"0":[1,0],"1":[1,0],"2":[1,1,0],"3":[0,0],"4":[1,0],"5":[1,0]},"_coverageSchema":"1a1c01bbd47fc00a2c39e90264f33305004495a9","hash":"7cbdf8cac1e07ba4bef1bdaf796ed039e4324752"}
,"/mnt/c/Users/linaa/Downloads/uml/uml/src/routes/categories.js": {"path":"/mnt/c/Users/linaa/Downloads/uml/uml/src/routes/categories.js","statementMap":{"0":{"start":{"line":1,"column":16},"end":{"line":1,"column":34}},"1":{"start":{"line":2,"column":16},"end":{"line":2,"column":39}},"2":{"start":{"line":3,"column":27},"end":{"line":3,"column":57}},"3":{"start":{"line":5,"column":15},"end":{"line":5,"column":31}},"4":{"start":{"line":6,"column":0},"end":{"line":6,"column":27}},"5":{"start":{"line":18,"column":0},"end":{"line":23,"column":3}},"6":{"start":{"line":19,"column":2},"end":{"line":22,"column":30}},"7":{"start":{"line":20,"column":21},"end":{"line":20,"column":85}},"8":{"start":{"line":21,"column":4},"end":{"line":21,"column":19}},"9":{"start":{"line":22,"column":18},"end":{"line":22,"column":28}},"10":{"start":{"line":32,"column":0},"end":{"line":42,"column":3}},"11":{"start":{"line":33,"column":2},"end":{"line":41,"column":30}},"12":{"start":{"line":34,"column":24},"end":{"line":34,"column":32}},"13":{"start":{"line":35,"column":4},"end":{"line":35,"column":75}},"14":{"start":{"line":35,"column":18},"end":{"line":35,"column":75}},"15":{"start":{"line":36,"column":21},"end":{"line":39,"column":5}},"16":{"start":{"line":40,"column":4},"end":{"line":40,"column":34}},"17":{"start":{"line":41,"column":18},"end":{"line":41,"column":28}},"18":{"start":{"line":44,"column":0},"end":{"line":44,"column":24}}},"fnMap":{"0":{"name":"(anonymous_0)","decl":{"start":{"line":18,"column":16},"end":{"line":18,"column":17}},"loc":{"start":{"line":18,"column":42},"end":{"line":23,"column":1}},"line":18},"1":{"name":"(anonymous_1)","decl":{"start":{"line":32,"column":17},"end":{"line":32,"column":18}},"loc":{"start":{"line":32,"column":43},"end":{"line":42,"column":1}},"line":32}},"branchMap":{"0":{"loc":{"start":{"line":35,"column":4},"end":{"line":35,"column":75}},"type":"if","locations":[{"start":{"line":35,"column":4},"end":{"line":35,"column":75}},{"start":{},"end":{}}],"line":35}},"s":{"0":1,"1":1,"2":1,"3":1,"4":1,"5":1,"6":0,"7":0,"8":0,"9":0,"10":1,"11":0,"12":0,"13":0,"14":0,"15":0,"16":0,"17":0,"18":1},"f":{"0":0,"1":0},"b":{"0":[0,0]},"_coverageSchema":"1a1c01bbd47fc00a2c39e90264f33305004495a9","hash":"11dc4519b36f8bd83598a57d653bb975afc9866d"}
,"/mnt/c/Users/linaa/Downloads/uml/uml/src/routes/comments.js": {"path":"/mnt/c/Users/linaa/Downloads/uml/uml/src/routes/comments.js","statementMap":{"0":{"start":{"line":4,"column":16},"end":{"line":4,"column":34}},"1":{"start":{"line":5,"column":16},"end":{"line":5,"column":39}},"2":{"start":{"line":6,"column":27},"end":{"line":6,"column":57}},"3":{"start":{"line":8,"column":15},"end":{"line":8,"column":31}},"4":{"start":{"line":9,"column":0},"end":{"line":9,"column":27}},"5":{"start":{"line":18,"column":0},"end":{"line":30,"column":3}},"6":{"start":{"line":19,"column":2},"end":{"line":29,"column":30}},"7":{"start":{"line":20,"column":21},"end":{"line":27,"column":5}},"8":{"start":{"line":28,"column":4},"end":{"line":28,"column":19}},"9":{"start":{"line":29,"column":18},"end":{"line":29,"column":28}},"10":{"start":{"line":39,"column":0},"end":{"line":49,"column":3}},"11":{"start":{"line":40,"column":2},"end":{"line":48,"column":30}},"12":{"start":{"line":41,"column":24},"end":{"line":41,"column":32}},"13":{"start":{"line":42,"column":4},"end":{"line":42,"column":75}},"14":{"start":{"line":42,"column":18},"end":{"line":42,"column":75}},"15":{"start":{"line":43,"column":21},"end":{"line":46,"column":5}},"16":{"start":{"line":47,"column":4},"end":{"line":47,"column":34}},"17":{"start":{"line":48,"column":18},"end":{"line":48,"column":28}},"18":{"start":{"line":51,"column":0},"end":{"line":56,"column":3}},"19":{"start":{"line":52,"column":2},"end":{"line":55,"column":30}},"20":{"start":{"line":53,"column":4},"end":{"line":53,"column":111}},"21":{"start":{"line":54,"column":4},"end":{"line":54,"column":27}},"22":{"start":{"line":55,"column":18},"end":{"line":55,"column":28}},"23":{"start":{"line":58,"column":0},"end":{"line":58,"column":24}}},"fnMap":{"0":{"name":"(anonymous_0)","decl":{"start":{"line":18,"column":25},"end":{"line":18,"column":26}},"loc":{"start":{"line":18,"column":51},"end":{"line":30,"column":1}},"line":18},"1":{"name":"(anonymous_1)","decl":{"start":{"line":39,"column":26},"end":{"line":39,"column":27}},"loc":{"start":{"line":39,"column":52},"end":{"line":49,"column":1}},"line":39},"2":{"name":"(anonymous_2)","decl":{"start":{"line":51,"column":22},"end":{"line":51,"column":23}},"loc":{"start":{"line":51,"column":48},"end":{"line":56,"column":1}},"line":51}},"branchMap":{"0":{"loc":{"start":{"line":42,"column":4},"end":{"line":42,"column":75}},"type":"if","locations":[{"start":{"line":42,"column":4},"end":{"line":42,"column":75}},{"start":{},"end":{}}],"line":42}},"s":{"0":1,"1":1,"2":1,"3":1,"4":1,"5":1,"6":0,"7":0,"8":0,"9":0,"10":1,"11":0,"12":0,"13":0,"14":0,"15":0,"16":0,"17":0,"18":1,"19":0,"20":0,"21":0,"22":0,"23":1},"f":{"0":0,"1":0,"2":0},"b":{"0":[0,0]},"_coverageSchema":"1a1c01bbd47fc00a2c39e90264f33305004495a9","hash":"29e93d0a57eff9ef8ca170a3cb05457779ab30f5"}
,"/mnt/c/Users/linaa/Downloads/uml/uml/src/routes/equipements.js": {"path":"/mnt/c/Users/linaa/Downloads/uml/uml/src/routes/equipements.js","statementMap":{"0":{"start":{"line":1,"column":16},"end":{"line":1,"column":34}},"1":{"start":{"line":2,"column":16},"end":{"line":2,"column":39}},"2":{"start":{"line":3,"column":40},"end":{"line":3,"column":70}},"3":{"start":{"line":5,"column":15},"end":{"line":5,"column":31}},"4":{"start":{"line":6,"column":0},"end":{"line":6,"column":27}},"5":{"start":{"line":8,"column":0},"end":{"line":13,"column":3}},"6":{"start":{"line":9,"column":2},"end":{"line":12,"column":30}},"7":{"start":{"line":10,"column":21},"end":{"line":10,"column":77}},"8":{"start":{"line":11,"column":4},"end":{"line":11,"column":19}},"9":{"start":{"line":12,"column":18},"end":{"line":12,"column":28}},"10":{"start":{"line":15,"column":0},"end":{"line":24,"column":3}},"11":{"start":{"line":16,"column":2},"end":{"line":23,"column":30}},"12":{"start":{"line":17,"column":48},"end":{"line":17,"column":56}},"13":{"start":{"line":18,"column":21},"end":{"line":21,"column":5}},"14":{"start":{"line":22,"column":4},"end":{"line":22,"column":34}},"15":{"start":{"line":23,"column":18},"end":{"line":23,"column":28}},"16":{"start":{"line":26,"column":0},"end":{"line":35,"column":3}},"17":{"start":{"line":27,"column":2},"end":{"line":34,"column":30}},"18":{"start":{"line":28,"column":48},"end":{"line":28,"column":56}},"19":{"start":{"line":29,"column":21},"end":{"line":32,"column":5}},"20":{"start":{"line":33,"column":4},"end":{"line":33,"column":22}},"21":{"start":{"line":34,"column":18},"end":{"line":34,"column":28}},"22":{"start":{"line":37,"column":0},"end":{"line":37,"column":24}}},"fnMap":{"0":{"name":"(anonymous_0)","decl":{"start":{"line":8,"column":16},"end":{"line":8,"column":17}},"loc":{"start":{"line":8,"column":42},"end":{"line":13,"column":1}},"line":8},"1":{"name":"(anonymous_1)","decl":{"start":{"line":15,"column":48},"end":{"line":15,"column":49}},"loc":{"start":{"line":15,"column":74},"end":{"line":24,"column":1}},"line":15},"2":{"name":"(anonymous_2)","decl":{"start":{"line":26,"column":52},"end":{"line":26,"column":53}},"loc":{"start":{"line":26,"column":78},"end":{"line":35,"column":1}},"line":26}},"branchMap":{"0":{"loc":{"start":{"line":20,"column":24},"end":{"line":20,"column":46}},"type":"binary-expr","locations":[{"start":{"line":20,"column":24},"end":{"line":20,"column":38}},{"start":{"line":20,"column":42},"end":{"line":20,"column":46}}],"line":20}},"s":{"0":1,"1":1,"2":1,"3":1,"4":1,"5":1,"6":0,"7":0,"8":0,"9":0,"10":1,"11":0,"12":0,"13":0,"14":0,"15":0,"16":1,"17":0,"18":0,"19":0,"20":0,"21":0,"22":1},"f":{"0":0,"1":0,"2":0},"b":{"0":[0,0]},"_coverageSchema":"1a1c01bbd47fc00a2c39e90264f33305004495a9","hash":"01b816f902f36442ce708167f284cbd5bc892f07"}
,"/mnt/c/Users/linaa/Downloads/uml/uml/src/routes/stats.js": {"path":"/mnt/c/Users/linaa/Downloads/uml/uml/src/routes/stats.js","statementMap":{"0":{"start":{"line":1,"column":16},"end":{"line":1,"column":34}},"1":{"start":{"line":2,"column":16},"end":{"line":2,"column":39}},"2":{"start":{"line":3,"column":40},"end":{"line":3,"column":70}},"3":{"start":{"line":5,"column":15},"end":{"line":5,"column":31}},"4":{"start":{"line":6,"column":0},"end":{"line":6,"column":58}},"5":{"start":{"line":8,"column":0},"end":{"line":28,"column":3}},"6":{"start":{"line":9,"column":2},"end":{"line":27,"column":30}},"7":{"start":{"line":10,"column":60},"end":{"line":20,"column":6}},"8":{"start":{"line":21,"column":4},"end":{"line":26,"column":7}},"9":{"start":{"line":27,"column":18},"end":{"line":27,"column":28}},"10":{"start":{"line":30,"column":0},"end":{"line":30,"column":24}}},"fnMap":{"0":{"name":"(anonymous_0)","decl":{"start":{"line":8,"column":16},"end":{"line":8,"column":17}},"loc":{"start":{"line":8,"column":42},"end":{"line":28,"column":1}},"line":8}},"branchMap":{},"s":{"0":1,"1":1,"2":1,"3":1,"4":1,"5":1,"6":0,"7":0,"8":0,"9":0,"10":1},"f":{"0":0},"b":{},"_coverageSchema":"1a1c01bbd47fc00a2c39e90264f33305004495a9","hash":"ebd8b0385103c65b2ee9558fc5dc6c44898ff9f8"}
,"/mnt/c/Users/linaa/Downloads/uml/uml/src/routes/tickets.js": {"path":"/mnt/c/Users/linaa/Downloads/uml/uml/src/routes/tickets.js","statementMap":{"0":{"start":{"line":1,"column":16},"end":{"line":1,"column":34}},"1":{"start":{"line":2,"column":16},"end":{"line":2,"column":33}},"2":{"start":{"line":3,"column":16},"end":{"line":3,"column":39}},"3":{"start":{"line":4,"column":40},"end":{"line":4,"column":70}},"4":{"start":{"line":6,"column":16},"end":{"line":6,"column":32}},"5":{"start":{"line":7,"column":16},"end":{"line":7,"column":44}},"6":{"start":{"line":9,"column":0},"end":{"line":9,"column":27}},"7":{"start":{"line":27,"column":0},"end":{"line":61,"column":3}},"8":{"start":{"line":28,"column":2},"end":{"line":60,"column":30}},"9":{"start":{"line":29,"column":37},"end":{"line":29,"column":46}},"10":{"start":{"line":30,"column":23},"end":{"line":30,"column":25}},"11":{"start":{"line":31,"column":19},"end":{"line":31,"column":21}},"12":{"start":{"line":34,"column":4},"end":{"line":37,"column":5}},"13":{"start":{"line":35,"column":6},"end":{"line":35,"column":66}},"14":{"start":{"line":36,"column":6},"end":{"line":36,"column":31}},"15":{"start":{"line":38,"column":4},"end":{"line":41,"column":5}},"16":{"start":{"line":39,"column":6},"end":{"line":39,"column":58}},"17":{"start":{"line":40,"column":6},"end":{"line":40,"column":26}},"18":{"start":{"line":42,"column":4},"end":{"line":45,"column":5}},"19":{"start":{"line":43,"column":6},"end":{"line":43,"column":64}},"20":{"start":{"line":44,"column":6},"end":{"line":44,"column":32}},"21":{"start":{"line":47,"column":18},"end":{"line":47,"column":78}},"22":{"start":{"line":48,"column":21},"end":{"line":58,"column":5}},"23":{"start":{"line":59,"column":4},"end":{"line":59,"column":19}},"24":{"start":{"line":60,"column":18},"end":{"line":60,"column":28}},"25":{"start":{"line":78,"column":0},"end":{"line":91,"column":3}},"26":{"start":{"line":79,"column":2},"end":{"line":90,"column":30}},"27":{"start":{"line":80,"column":21},"end":{"line":87,"column":5}},"28":{"start":{"line":88,"column":4},"end":{"line":88,"column":79}},"29":{"start":{"line":88,"column":18},"end":{"line":88,"column":79}},"30":{"start":{"line":89,"column":4},"end":{"line":89,"column":22}},"31":{"start":{"line":90,"column":18},"end":{"line":90,"column":28}},"32":{"start":{"line":100,"column":0},"end":{"line":114,"column":3}},"33":{"start":{"line":101,"column":2},"end":{"line":113,"column":30}},"34":{"start":{"line":102,"column":64},"end":{"line":102,"column":72}},"35":{"start":{"line":103,"column":4},"end":{"line":105,"column":5}},"36":{"start":{"line":104,"column":6},"end":{"line":104,"column":76}},"37":{"start":{"line":106,"column":26},"end":{"line":106,"column":57}},"38":{"start":{"line":107,"column":21},"end":{"line":111,"column":5}},"39":{"start":{"line":112,"column":4},"end":{"line":112,"column":34}},"40":{"start":{"line":113,"column":18},"end":{"line":113,"column":28}},"41":{"start":{"line":123,"column":0},"end":{"line":137,"column":3}},"42":{"start":{"line":124,"column":2},"end":{"line":136,"column":30}},"43":{"start":{"line":125,"column":23},"end":{"line":125,"column":31}},"44":{"start":{"line":126,"column":25},"end":{"line":126,"column":66}},"45":{"start":{"line":127,"column":4},"end":{"line":129,"column":5}},"46":{"start":{"line":128,"column":6},"end":{"line":128,"column":64}},"47":{"start":{"line":130,"column":21},"end":{"line":133,"column":5}},"48":{"start":{"line":134,"column":4},"end":{"line":134,"column":79}},"49":{"start":{"line":134,"column":18},"end":{"line":134,"column":79}},"50":{"start":{"line":135,"column":4},"end":{"line":135,"column":22}},"51":{"start":{"line":136,"column":18},"end":{"line":136,"column":28}},"52":{"start":{"line":146,"column":0},"end":{"line":156,"column":3}},"53":{"start":{"line":147,"column":2},"end":{"line":155,"column":30}},"54":{"start":{"line":148,"column":30},"end":{"line":148,"column":38}},"55":{"start":{"line":149,"column":21},"end":{"line":152,"column":5}},"56":{"start":{"line":153,"column":4},"end":{"line":153,"column":79}},"57":{"start":{"line":153,"column":18},"end":{"line":153,"column":79}},"58":{"start":{"line":154,"column":4},"end":{"line":154,"column":22}},"59":{"start":{"line":155,"column":18},"end":{"line":155,"column":28}},"60":{"start":{"line":165,"column":0},"end":{"line":171,"column":3}},"61":{"start":{"line":166,"column":2},"end":{"line":170,"column":30}},"62":{"start":{"line":167,"column":25},"end":{"line":167,"column":94}},"63":{"start":{"line":168,"column":4},"end":{"line":168,"column":80}},"64":{"start":{"line":168,"column":19},"end":{"line":168,"column":80}},"65":{"start":{"line":169,"column":4},"end":{"line":169,"column":27}},"66":{"start":{"line":170,"column":18},"end":{"line":170,"column":28}},"67":{"start":{"line":173,"column":0},"end":{"line":173,"column":24}}},"fnMap":{"0":{"name":"(anonymous_0)","decl":{"start":{"line":27,"column":16},"end":{"line":27,"column":17}},"loc":{"start":{"line":27,"column":42},"end":{"line":61,"column":1}},"line":27},"1":{"name":"(anonymous_1)","decl":{"start":{"line":78,"column":19},"end":{"line":78,"column":20}},"loc":{"start":{"line":78,"column":45},"end":{"line":91,"column":1}},"line":78},"2":{"name":"(anonymous_2)","decl":{"start":{"line":100,"column":43},"end":{"line":100,"column":44}},"loc":{"start":{"line":100,"column":69},"end":{"line":114,"column":1}},"line":100},"3":{"name":"(anonymous_3)","decl":{"start":{"line":123,"column":73},"end":{"line":123,"column":74}},"loc":{"start":{"line":123,"column":99},"end":{"line":137,"column":1}},"line":123},"4":{"name":"(anonymous_4)","decl":{"start":{"line":146,"column":61},"end":{"line":146,"column":62}},"loc":{"start":{"line":146,"column":87},"end":{"line":156,"column":1}},"line":146},"5":{"name":"(anonymous_5)","decl":{"start":{"line":165,"column":53},"end":{"line":165,"column":54}},"loc":{"start":{"line":165,"column":79},"end":{"line":171,"column":1}},"line":165}},"branchMap":{"0":{"loc":{"start":{"line":34,"column":4},"end":{"line":37,"column":5}},"type":"if","locations":[{"start":{"line":34,"column":4},"end":{"line":37,"column":5}},{"start":{},"end":{}}],"line":34},"1":{"loc":{"start":{"line":38,"column":4},"end":{"line":41,"column":5}},"type":"if","locations":[{"start":{"line":38,"column":4},"end":{"line":41,"column":5}},{"start":{},"end":{}}],"line":38},"2":{"loc":{"start":{"line":42,"column":4},"end":{"line":45,"column":5}},"type":"if","locations":[{"start":{"line":42,"column":4},"end":{"line":45,"column":5}},{"start":{},"end":{}}],"line":42},"3":{"loc":{"start":{"line":47,"column":18},"end":{"line":47,"column":78}},"type":"cond-expr","locations":[{"start":{"line":47,"column":38},"end":{"line":47,"column":73}},{"start":{"line":47,"column":76},"end":{"line":47,"column":78}}],"line":47},"4":{"loc":{"start":{"line":88,"column":4},"end":{"line":88,"column":79}},"type":"if","locations":[{"start":{"line":88,"column":4},"end":{"line":88,"column":79}},{"start":{},"end":{}}],"line":88},"5":{"loc":{"start":{"line":103,"column":4},"end":{"line":105,"column":5}},"type":"if","locations":[{"start":{"line":103,"column":4},"end":{"line":105,"column":5}},{"start":{},"end":{}}],"line":103},"6":{"loc":{"start":{"line":103,"column":8},"end":{"line":103,"column":30}},"type":"binary-expr","locations":[{"start":{"line":103,"column":8},"end":{"line":103,"column":14}},{"start":{"line":103,"column":18},"end":{"line":103,"column":30}}],"line":103},"7":{"loc":{"start":{"line":106,"column":26},"end":{"line":106,"column":57}},"type":"cond-expr","locations":[{"start":{"line":106,"column":37},"end":{"line":106,"column":50}},{"start":{"line":106,"column":53},"end":{"line":106,"column":57}}],"line":106},"8":{"loc":{"start":{"line":110,"column":27},"end":{"line":110,"column":47}},"type":"binary-expr","locations":[{"start":{"line":110,"column":27},"end":{"line":110,"column":39}},{"start":{"line":110,"column":43},"end":{"line":110,"column":47}}],"line":110},"9":{"loc":{"start":{"line":110,"column":49},"end":{"line":110,"column":70}},"type":"binary-expr","locations":[{"start":{"line":110,"column":49},"end":{"line":110,"column":62}},{"start":{"line":110,"column":66},"end":{"line":110,"column":70}}],"line":110},"10":{"loc":{"start":{"line":127,"column":4},"end":{"line":129,"column":5}},"type":"if","locations":[{"start":{"line":127,"column":4},"end":{"line":129,"column":5}},{"start":{},"end":{}}],"line":127},"11":{"loc":{"start":{"line":134,"column":4},"end":{"line":134,"column":79}},"type":"if","locations":[{"start":{"line":134,"column":4},"end":{"line":134,"column":79}},{"start":{},"end":{}}],"line":134},"12":{"loc":{"start":{"line":153,"column":4},"end":{"line":153,"column":79}},"type":"if","locations":[{"start":{"line":153,"column":4},"end":{"line":153,"column":79}},{"start":{},"end":{}}],"line":153},"13":{"loc":{"start":{"line":168,"column":4},"end":{"line":168,"column":80}},"type":"if","locations":[{"start":{"line":168,"column":4},"end":{"line":168,"column":80}},{"start":{},"end":{}}],"line":168}},"s":{"0":1,"1":1,"2":1,"3":1,"4":1,"5":1,"6":1,"7":1,"8":0,"9":0,"10":0,"11":0,"12":0,"13":0,"14":0,"15":0,"16":0,"17":0,"18":0,"19":0,"20":0,"21":0,"22":0,"23":0,"24":0,"25":1,"26":0,"27":0,"28":0,"29":0,"30":0,"31":0,"32":1,"33":0,"34":0,"35":0,"36":0,"37":0,"38":0,"39":0,"40":0,"41":1,"42":0,"43":0,"44":0,"45":0,"46":0,"47":0,"48":0,"49":0,"50":0,"51":0,"52":1,"53":0,"54":0,"55":0,"56":0,"57":0,"58":0,"59":0,"60":1,"61":0,"62":0,"63":0,"64":0,"65":0,"66":0,"67":1},"f":{"0":0,"1":0,"2":0,"3":0,"4":0,"5":0},"b":{"0":[0,0],"1":[0,0],"2":[0,0],"3":[0,0],"4":[0,0],"5":[0,0],"6":[0,0],"7":[0,0],"8":[0,0],"9":[0,0],"10":[0,0],"11":[0,0],"12":[0,0],"13":[0,0]},"_coverageSchema":"1a1c01bbd47fc00a2c39e90264f33305004495a9","hash":"3c85016f83f3dea3b82e993ad566c6242a8fd39b"}
,"/mnt/c/Users/linaa/Downloads/uml/uml/src/routes/users.js": {"path":"/mnt/c/Users/linaa/Downloads/uml/uml/src/routes/users.js","statementMap":{"0":{"start":{"line":1,"column":16},"end":{"line":1,"column":34}},"1":{"start":{"line":2,"column":16},"end":{"line":2,"column":39}},"2":{"start":{"line":3,"column":40},"end":{"line":3,"column":70}},"3":{"start":{"line":5,"column":15},"end":{"line":5,"column":31}},"4":{"start":{"line":6,"column":0},"end":{"line":6,"column":27}},"5":{"start":{"line":8,"column":0},"end":{"line":15,"column":3}},"6":{"start":{"line":9,"column":2},"end":{"line":14,"column":30}},"7":{"start":{"line":10,"column":21},"end":{"line":12,"column":5}},"8":{"start":{"line":13,"column":4},"end":{"line":13,"column":19}},"9":{"start":{"line":14,"column":18},"end":{"line":14,"column":28}},"10":{"start":{"line":17,"column":0},"end":{"line":25,"column":3}},"11":{"start":{"line":18,"column":2},"end":{"line":24,"column":30}},"12":{"start":{"line":19,"column":21},"end":{"line":22,"column":5}},"13":{"start":{"line":23,"column":4},"end":{"line":23,"column":22}},"14":{"start":{"line":24,"column":18},"end":{"line":24,"column":28}},"15":{"start":{"line":27,"column":0},"end":{"line":35,"column":3}},"16":{"start":{"line":28,"column":2},"end":{"line":34,"column":30}},"17":{"start":{"line":29,"column":21},"end":{"line":32,"column":5}},"18":{"start":{"line":33,"column":4},"end":{"line":33,"column":19}},"19":{"start":{"line":34,"column":18},"end":{"line":34,"column":28}},"20":{"start":{"line":37,"column":0},"end":{"line":37,"column":24}}},"fnMap":{"0":{"name":"(anonymous_0)","decl":{"start":{"line":8,"column":47},"end":{"line":8,"column":48}},"loc":{"start":{"line":8,"column":73},"end":{"line":15,"column":1}},"line":8},"1":{"name":"(anonymous_1)","decl":{"start":{"line":17,"column":18},"end":{"line":17,"column":19}},"loc":{"start":{"line":17,"column":44},"end":{"line":25,"column":1}},"line":17},"2":{"name":"(anonymous_2)","decl":{"start":{"line":27,"column":58},"end":{"line":27,"column":59}},"loc":{"start":{"line":27,"column":84},"end":{"line":35,"column":1}},"line":27}},"branchMap":{},"s":{"0":1,"1":1,"2":1,"3":1,"4":1,"5":1,"6":0,"7":0,"8":0,"9":0,"10":1,"11":0,"12":0,"13":0,"14":0,"15":1,"16":0,"17":0,"18":0,"19":0,"20":1},"f":{"0":0,"1":0,"2":0},"b":{},"_coverageSchema":"1a1c01bbd47fc00a2c39e90264f33305004495a9","hash":"2a17cce2a135e0bbe8a94765fafa023cf07c9b0d"}
}
