TN:
SF:src/app.js
FN:34,(anonymous_0)
FN:37,(anonymous_1)
FN:44,(anonymous_2)
FNF:3
FNH:1
FNDA:1,(anonymous_0)
FNDA:0,(anonymous_1)
FNDA:0,(anonymous_2)
DA:1,1
DA:2,1
DA:3,1
DA:4,1
DA:5,1
DA:7,1
DA:8,1
DA:9,1
DA:10,1
DA:11,1
DA:12,1
DA:13,1
DA:15,1
DA:17,1
DA:18,1
DA:19,1
DA:22,1
DA:25,1
DA:26,1
DA:27,1
DA:28,1
DA:29,1
DA:30,1
DA:31,1
DA:34,1
DA:37,1
DA:38,0
DA:39,0
DA:42,1
DA:43,0
DA:44,0
DA:47,1
LF:32
LH:28
BRDA:17,0,0,1
BRDA:17,0,1,0
BRDA:39,1,0,0
BRDA:39,1,1,0
BRDA:39,2,0,0
BRDA:39,2,1,0
BRDA:42,3,0,0
BRDA:42,3,1,1
BRDA:43,4,0,0
BRDA:43,4,1,0
BRF:10
BRH:2
end_of_record
TN:
SF:src/config/swagger.js
FNF:0
FNH:0
DA:1,1
DA:3,1
DA:26,1
LF:3
LH:3
BRDA:11,0,0,1
BRDA:11,0,1,0
BRF:2
BRH:1
end_of_record
TN:
SF:src/middlewares/auth.js
FN:5,authMiddleware
FN:20,requireRole
FN:21,(anonymous_2)
FNF:3
FNH:1
FNDA:0,authMiddleware
FNDA:8,requireRole
FNDA:0,(anonymous_2)
DA:1,1
DA:3,1
DA:6,0
DA:7,0
DA:8,0
DA:11,0
DA:12,0
DA:13,0
DA:14,0
DA:16,0
DA:21,8
DA:22,0
DA:23,0
DA:25,0
DA:29,1
LF:15
LH:4
BRDA:3,0,0,1
BRDA:3,0,1,0
BRDA:7,1,0,0
BRDA:7,1,1,0
BRDA:7,2,0,0
BRDA:7,2,1,0
BRDA:22,3,0,0
BRDA:22,3,1,0
BRF:8
BRH:1
end_of_record
TN:
SF:src/routes/auth.js
FN:76,(anonymous_0)
FN:115,(anonymous_1)
FNF:2
FNH:2
FNDA:1,(anonymous_0)
FNDA:1,(anonymous_1)
DA:35,1
DA:36,1
DA:37,1
DA:38,1
DA:40,1
DA:41,1
DA:76,1
DA:77,1
DA:78,1
DA:79,1
DA:80,0
DA:81,0
DA:85,0
DA:86,0
DA:115,1
DA:116,1
DA:117,1
DA:118,1
DA:119,1
DA:120,1
DA:121,1
DA:122,0
DA:123,0
DA:124,0
DA:127,1
LF:25
LH:18
BRDA:41,0,0,1
BRDA:41,0,1,0
BRDA:79,1,0,1
BRDA:79,1,1,0
BRDA:79,2,0,1
BRDA:79,2,1,1
BRDA:79,2,2,0
BRDA:83,3,0,0
BRDA:83,3,1,0
BRDA:120,4,0,1
BRDA:120,4,1,0
BRDA:120,5,0,1
BRDA:120,5,1,0
BRF:13
BRH:6
end_of_record
TN:
SF:src/routes/categories.js
FN:18,(anonymous_0)
FN:32,(anonymous_1)
FNF:2
FNH:0
FNDA:0,(anonymous_0)
FNDA:0,(anonymous_1)
DA:1,1
DA:2,1
DA:3,1
DA:5,1
DA:6,1
DA:18,1
DA:19,0
DA:20,0
DA:21,0
DA:22,0
DA:32,1
DA:33,0
DA:34,0
DA:35,0
DA:36,0
DA:40,0
DA:41,0
DA:44,1
LF:18
LH:8
BRDA:35,0,0,0
BRDA:35,0,1,0
BRF:2
BRH:0
end_of_record
TN:
SF:src/routes/comments.js
FN:18,(anonymous_0)
FN:39,(anonymous_1)
FN:51,(anonymous_2)
FNF:3
FNH:0
FNDA:0,(anonymous_0)
FNDA:0,(anonymous_1)
FNDA:0,(anonymous_2)
DA:4,1
DA:5,1
DA:6,1
DA:8,1
DA:9,1
DA:18,1
DA:19,0
DA:20,0
DA:28,0
DA:29,0
DA:39,1
DA:40,0
DA:41,0
DA:42,0
DA:43,0
DA:47,0
DA:48,0
DA:51,1
DA:52,0
DA:53,0
DA:54,0
DA:55,0
DA:58,1
LF:23
LH:9
BRDA:42,0,0,0
BRDA:42,0,1,0
BRF:2
BRH:0
end_of_record
TN:
SF:src/routes/equipements.js
FN:8,(anonymous_0)
FN:15,(anonymous_1)
FN:26,(anonymous_2)
FNF:3
FNH:0
FNDA:0,(anonymous_0)
FNDA:0,(anonymous_1)
FNDA:0,(anonymous_2)
DA:1,1
DA:2,1
DA:3,1
DA:5,1
DA:6,1
DA:8,1
DA:9,0
DA:10,0
DA:11,0
DA:12,0
DA:15,1
DA:16,0
DA:17,0
DA:18,0
DA:22,0
DA:23,0
DA:26,1
DA:27,0
DA:28,0
DA:29,0
DA:33,0
DA:34,0
DA:37,1
LF:23
LH:9
BRDA:20,0,0,0
BRDA:20,0,1,0
BRF:2
BRH:0
end_of_record
TN:
SF:src/routes/stats.js
FN:8,(anonymous_0)
FNF:1
FNH:0
FNDA:0,(anonymous_0)
DA:1,1
DA:2,1
DA:3,1
DA:5,1
DA:6,1
DA:8,1
DA:9,0
DA:10,0
DA:21,0
DA:27,0
DA:30,1
LF:11
LH:7
BRF:0
BRH:0
end_of_record
TN:
SF:src/routes/tickets.js
FN:27,(anonymous_0)
FN:78,(anonymous_1)
FN:100,(anonymous_2)
FN:123,(anonymous_3)
FN:146,(anonymous_4)
FN:165,(anonymous_5)
FNF:6
FNH:0
FNDA:0,(anonymous_0)
FNDA:0,(anonymous_1)
FNDA:0,(anonymous_2)
FNDA:0,(anonymous_3)
FNDA:0,(anonymous_4)
FNDA:0,(anonymous_5)
DA:1,1
DA:2,1
DA:3,1
DA:4,1
DA:6,1
DA:7,1
DA:9,1
DA:27,1
DA:28,0
DA:29,0
DA:30,0
DA:31,0
DA:34,0
DA:35,0
DA:36,0
DA:38,0
DA:39,0
DA:40,0
DA:42,0
DA:43,0
DA:44,0
DA:47,0
DA:48,0
DA:59,0
DA:60,0
DA:78,1
DA:79,0
DA:80,0
DA:88,0
DA:89,0
DA:90,0
DA:100,1
DA:101,0
DA:102,0
DA:103,0
DA:104,0
DA:106,0
DA:107,0
DA:112,0
DA:113,0
DA:123,1
DA:124,0
DA:125,0
DA:126,0
DA:127,0
DA:128,0
DA:130,0
DA:134,0
DA:135,0
DA:136,0
DA:146,1
DA:147,0
DA:148,0
DA:149,0
DA:153,0
DA:154,0
DA:155,0
DA:165,1
DA:166,0
DA:167,0
DA:168,0
DA:169,0
DA:170,0
DA:173,1
LF:64
LH:14
BRDA:34,0,0,0
BRDA:34,0,1,0
BRDA:38,1,0,0
BRDA:38,1,1,0
BRDA:42,2,0,0
BRDA:42,2,1,0
BRDA:47,3,0,0
BRDA:47,3,1,0
BRDA:88,4,0,0
BRDA:88,4,1,0
BRDA:103,5,0,0
BRDA:103,5,1,0
BRDA:103,6,0,0
BRDA:103,6,1,0
BRDA:106,7,0,0
BRDA:106,7,1,0
BRDA:110,8,0,0
BRDA:110,8,1,0
BRDA:110,9,0,0
BRDA:110,9,1,0
BRDA:127,10,0,0
BRDA:127,10,1,0
BRDA:134,11,0,0
BRDA:134,11,1,0
BRDA:153,12,0,0
BRDA:153,12,1,0
BRDA:168,13,0,0
BRDA:168,13,1,0
BRF:28
BRH:0
end_of_record
TN:
SF:src/routes/users.js
FN:8,(anonymous_0)
FN:17,(anonymous_1)
FN:27,(anonymous_2)
FNF:3
FNH:0
FNDA:0,(anonymous_0)
FNDA:0,(anonymous_1)
FNDA:0,(anonymous_2)
DA:1,1
DA:2,1
DA:3,1
DA:5,1
DA:6,1
DA:8,1
DA:9,0
DA:10,0
DA:13,0
DA:14,0
DA:17,1
DA:18,0
DA:19,0
DA:23,0
DA:24,0
DA:27,1
DA:28,0
DA:29,0
DA:33,0
DA:34,0
DA:37,1
LF:21
LH:9
BRF:0
BRH:0
end_of_record
